<?xml version="1.0" encoding="UTF-8"?>
<testng-results skipped="0" failed="0" ignored="0" total="0" passed="0">
  <reporter-output>
  </reporter-output>
  <suite name="testApp.selenium.AppTest" duration-ms="3" started-at="2020-03-03T11:51:42Z" finished-at="2020-03-03T11:51:42Z">
    <groups>
    </groups>
    <test name="Command line test" duration-ms="3" started-at="2020-03-03T11:51:42Z" finished-at="2020-03-03T11:51:42Z">
    </test> <!-- Command line test -->
  </suite> <!-- testApp.selenium.AppTest -->
</testng-results>
